{
  "step": [
    0,
    1,
    2,
    3,
    4,
    5,
    6,
    7,
    8,
    9,
    10,
    11,
    12,
    13,
    14,
    15,
    16,
    17,
    18,
    19,
    20,
    21,
    22,
    23,
    24,
    25,
    26,
    27,
    28,
    29,
    30,
    31,
    32,
    33,
    34,
    35,
    36,
    37,
    38,
    39,
    40,
    41,
    42,
    43,
    44,
    45,
    46,
    47,
    48,
    49,
    50,
    51,
    52,
    53,
    54,
    55,
    56,
    57,
    58,
    59,
    60,
    61,
    62,
    63,
    64,
    65,
    66,
    67,
    68,
    69,
    70,
    71,
    72,
    73,
    74,
    75,
    76,
    77,
    78,
    79,
    80,
    81,
    82,
    83,
    84,
    85,
    86,
    87,
    88,
    89,
    90,
    91,
    92,
    93,
    94,
    95,
    96,
    97,
    98,
    99,
    100,
    101,
    102,
    103,
    104,
    105,
    106,
    107,
    108,
    109,
    110,
    111,
    112,
    113,
    114,
    115,
    116,
    117,
    118,
    119,
    120,
    121,
    122,
    123,
    124,
    125,
    126,
    127,
    128,
    129,
    130,
    131,
    132,
    133,
    134,
    135,
    136,
    137,
    138,
    139,
    140,
    141,
    142,
    143,
    144,
    145,
    146,
    147,
    148,
    149,
    150,
    151,
    152,
    153,
    154,
    155,
    156,
    157,
    158,
    159,
    160,
    161,
    162,
    163,
    164,
    165,
    166,
    167,
    168,
    169,
    170,
    171,
    172,
    173,
    174,
    175,
    176,
    177,
    178,
    179,
    180,
    181,
    182,
    183,
    184,
    185,
    186,
    187,
    188,
    189,
    190,
    191,
    192,
    193,
    194,
    195,
    196,
    197,
    198,
    199
  ],
  "total_loss": [
    "236217136.00",
    "212440016.00",
    "138258528.00",
    "101578800.00",
    "70405552.00",
    "52064756.00",
    "48538704.00",
    "42612976.00",
    "39153440.00",
    "34771280.00",
    "31432556.00",
    "27894764.00",
    "26732972.00",
    "24915044.00",
    "24211278.00",
    "23421462.00",
    "22567764.00",
    "21362252.00",
    "19823100.00",
    "19152530.00",
    "18783710.00",
    "18386708.00",
    "18078206.00",
    "17132378.00",
    "16699010.00",
    "16229862.00",
    "15990962.00",
    "15709285.00",
    "15275812.00",
    "14791286.00",
    "14254910.00",
    "14063923.00",
    "13663703.00",
    "13636280.00",
    "13394630.00",
    "13215433.00",
    "12962809.00",
    "12681141.00",
    "12338262.00",
    "12173286.00",
    "12039966.00",
    "11830168.00",
    "11677990.00",
    "11553988.00",
    "11457226.00",
    "11265741.00",
    "11167688.00",
    "11021222.00",
    "10840486.00",
    "10777702.00",
    "10694790.00",
    "10625978.00",
    "10447779.00",
    "10299439.00",
    "10197888.00",
    "10110333.00",
    "10046770.00",
    "9939247.00",
    "9834962.00",
    "9748942.00",
    "9630236.00",
    "9614866.00",
    "9504947.00",
    "9498608.00",
    "9470869.00",
    "9424550.00",
    "9298444.00",
    "9229687.00",
    "9135620.00",
    "9092446.00",
    "9038184.00",
    "8981912.00",
    "8911180.00",
    "8864821.00",
    "8830771.00",
    "8751952.00",
    "8711276.00",
    "8678802.00",
    "8612106.00",
    "8555443.00",
    "8497992.00",
    "8464180.00",
    "8426580.00",
    "8393198.00",
    "8344168.00",
    "8292129.00",
    "8235611.50",
    "8190861.00",
    "8163331.50",
    "8129649.50",
    "8103557.50",
    "8069553.50",
    "8038285.50",
    "8003876.00",
    "7977624.00",
    "7923912.00",
    "7901194.50",
    "7876942.00",
    "7862971.50",
    "7839970.50",
    "7788345.00",
    "7764276.00",
    "7734956.50",
    "7702533.50",
    "7680798.00",
    "7655268.50",
    "7633913.50",
    "7615731.00",
    "7590912.00",
    "7570911.00",
    "7547115.50",
    "7508415.50",
    "7490793.00",
    "7469660.00",
    "7460285.50",
    "7444302.00",
    "7412832.50",
    "7397318.50",
    "7381111.00",
    "7363078.00",
    "7349017.50",
    "7329806.50",
    "7309827.00",
    "7288454.00",
    "7270896.50",
    "7255519.50",
    "7232264.50",
    "7218457.50",
    "7200453.50",
    "7188529.00",
    "7176614.50",
    "7166140.50",
    "7154068.00",
    "7139105.00",
    "7126799.00",
    "7111616.00",
    "7097271.00",
    "7082761.50",
    "7068824.50",
    "7057502.00",
    "7053647.50",
    "7042301.50",
    "7032809.00",
    "7023367.00",
    "7009107.00",
    "7018072.00",
    "7000786.00",
    "6987414.00",
    "6979299.00",
    "6968443.00",
    "6957170.50",
    "6946967.00",
    "6939023.50",
    "6931223.00",
    "6919053.00",
    "6911886.00",
    "6901882.50",
    "6893376.00",
    "6886698.50",
    "6877692.00",
    "6865720.50",
    "6857612.00",
    "6850406.00",
    "6843859.00",
    "6836990.50",
    "6825436.50",
    "6816832.50",
    "6809168.00",
    "6803206.00",
    "6798457.00",
    "6792790.00",
    "6787064.50",
    "6780916.00",
    "6773936.50",
    "6766021.00",
    "6760232.50",
    "6754485.00",
    "6746924.00",
    "6738696.00",
    "6732367.00",
    "6726549.00",
    "6720501.50",
    "6714650.50",
    "6709004.50",
    "6703438.00",
    "6697857.00",
    "6693241.00",
    "6690073.00",
    "6686558.00",
    "6680820.50",
    "6675772.50",
    "6671348.00",
    "6666351.50",
    "6660602.50",
    "6656445.00",
    "6651530.00",
    "6646326.00",
    "6641877.00",
    "6638041.50",
    "6635002.50"
  ],
  "cont_loss": [
    "15005469696.00",
    "14731931648.00",
    "13942953984.00",
    "14268259328.00",
    "18299125760.00",
    "16685342720.00",
    "16984589312.00",
    "18032584704.00",
    "17605996544.00",
    "17220591616.00",
    "16949446656.00",
    "15964317696.00",
    "16473587712.00",
    "15712228352.00",
    "15560833024.00",
    "15220330496.00",
    "14898255872.00",
    "14358005760.00",
    "13655222272.00",
    "13058888704.00",
    "13004173312.00",
    "12869254144.00",
    "12738063360.00",
    "12069580800.00",
    "11336306688.00",
    "11344340992.00",
    "11420817408.00",
    "11262924800.00",
    "10890412032.00",
    "10522164224.00",
    "10189360128.00",
    "9661241344.00",
    "9716554752.00",
    "9738158080.00",
    "9646096384.00",
    "9507469312.00",
    "9283952640.00",
    "9071181824.00",
    "8826350592.00",
    "8734078976.00",
    "8643128320.00",
    "8527925760.00",
    "8370768896.00",
    "8290681856.00",
    "8245953024.00",
    "8141994496.00",
    "8074703872.00",
    "7928948224.00",
    "7805193216.00",
    "7786522624.00",
    "7733862400.00",
    "7692212224.00",
    "7569281536.00",
    "7446622720.00",
    "7431257088.00",
    "7349850112.00",
    "7295101440.00",
    "7221778432.00",
    "7123949568.00",
    "7061474304.00",
    "6966849024.00",
    "6849900544.00",
    "6848771072.00",
    "6890787840.00",
    "6864326656.00",
    "6842787840.00",
    "6763281408.00",
    "6694212608.00",
    "6628453888.00",
    "6602398720.00",
    "6538886144.00",
    "6513804800.00",
    "6462444544.00",
    "6443781120.00",
    "6411974144.00",
    "6354346496.00",
    "6356117504.00",
    "6332493824.00",
    "6265115648.00",
    "6168986112.00",
    "6136397824.00",
    "6092656640.00",
    "6095708160.00",
    "6091633664.00",
    "6075930112.00",
    "6067567104.00",
    "5991896576.00",
    "6000159232.00",
    "5962710528.00",
    "5921501184.00",
    "5869581312.00",
    "5832249856.00",
    "5834276864.00",
    "5841133568.00",
    "5831161856.00",
    "5802020352.00",
    "5777562624.00",
    "5751556608.00",
    "5741608960.00",
    "5720426496.00",
    "5699514368.00",
    "5654793728.00",
    "5653912576.00",
    "5639663616.00",
    "5625978368.00",
    "5591624192.00",
    "5578134528.00",
    "5514681344.00",
    "5528168960.00",
    "5529899520.00",
    "5518909440.00",
    "5490686976.00",
    "5493754368.00",
    "5465791488.00",
    "5456558080.00",
    "5445416448.00",
    "5433272320.00",
    "5419148800.00",
    "5397020672.00",
    "5370054656.00",
    "5351044608.00",
    "5337268224.00",
    "5328625664.00",
    "5340295168.00",
    "5323573760.00",
    "5321591808.00",
    "5308191744.00",
    "5268450816.00",
    "5266537472.00",
    "5250833408.00",
    "5252525056.00",
    "5248549376.00",
    "5249393152.00",
    "5240464896.00",
    "5235417600.00",
    "5221417984.00",
    "5202548736.00",
    "5178213376.00",
    "5166559744.00",
    "5171497472.00",
    "5149530112.00",
    "5162172416.00",
    "5172534272.00",
    "5173923840.00",
    "5161617920.00",
    "5176331264.00",
    "5162727936.00",
    "5137918464.00",
    "5120741376.00",
    "5102489088.00",
    "5097261056.00",
    "5085863936.00",
    "5100145152.00",
    "5095329792.00",
    "5082176000.00",
    "5083500032.00",
    "5072903168.00",
    "5069170688.00",
    "5059232768.00",
    "5058393600.00",
    "5043996160.00",
    "5034246144.00",
    "5032089600.00",
    "5026168832.00",
    "5022218752.00",
    "5022242816.00",
    "5009873408.00",
    "5009318912.00",
    "5005466624.00",
    "4987274752.00",
    "4993310208.00",
    "4983165952.00",
    "4976581632.00",
    "4971950080.00",
    "4978894848.00",
    "4974112768.00",
    "4968463360.00",
    "4952777728.00",
    "4948018688.00",
    "4933681152.00",
    "4931298304.00",
    "4939499008.00",
    "4936779264.00",
    "4936033280.00",
    "4928866816.00",
    "4930934784.00",
    "4917702144.00",
    "4916803584.00",
    "4912225792.00",
    "4909473280.00",
    "4911264768.00",
    "4912788480.00",
    "4905894400.00",
    "4898237440.00",
    "4889666048.00",
    "4887629824.00",
    "4881400320.00",
    "4887197184.00",
    "4878628864.00",
    "4876424192.00"
  ],
  "styl_loss": [
    "221211664.00",
    "197708080.00",
    "124315576.00",
    "87310536.00",
    "52106428.00",
    "35379412.00",
    "31554112.00",
    "24580392.00",
    "21547440.00",
    "17550690.00",
    "14483107.00",
    "11930446.00",
    "10259383.00",
    "9202814.00",
    "8650444.00",
    "8201131.00",
    "7669507.50",
    "7004245.00",
    "6167878.00",
    "6093641.50",
    "5779536.00",
    "5517453.50",
    "5340142.00",
    "5062796.50",
    "5362702.50",
    "4885519.50",
    "4570144.50",
    "4446360.00",
    "4385398.50",
    "4269120.50",
    "4065548.50",
    "4402681.00",
    "3947147.75",
    "3898121.25",
    "3748532.50",
    "3707963.00",
    "3678856.00",
    "3609958.75",
    "3511911.00",
    "3439207.25",
    "3396836.75",
    "3302241.75",
    "3307220.25",
    "3263305.75",
    "3211272.75",
    "3123746.25",
    "3092983.50",
    "3092273.25",
    "3035292.50",
    "2991179.50",
    "2960926.75",
    "2933765.00",
    "2878496.75",
    "2852816.25",
    "2766630.75",
    "2760482.50",
    "2751668.00",
    "2717468.25",
    "2711012.50",
    "2687467.25",
    "2663386.25",
    "2764964.50",
    "2656175.25",
    "2607820.00",
    "2606542.25",
    "2581762.50",
    "2535162.00",
    "2535474.25",
    "2507165.50",
    "2490047.25",
    "2499297.25",
    "2468106.50",
    "2448734.75",
    "2421039.25",
    "2418796.50",
    "2397604.75",
    "2355158.00",
    "2346307.50",
    "2346989.75",
    "2386456.50",
    "2361593.75",
    "2371522.50",
    "2330871.25",
    "2301563.75",
    "2268237.50",
    "2224561.25",
    "2243714.50",
    "2190701.50",
    "2200620.50",
    "2208148.00",
    "2233976.00",
    "2237303.50",
    "2204008.50",
    "2162742.25",
    "2146461.75",
    "2121891.75",
    "2123631.50",
    "2125385.25",
    "2121362.50",
    "2119543.50",
    "2088830.38",
    "2109482.00",
    "2081043.50",
    "2062869.62",
    "2054819.75",
    "2063644.00",
    "2055778.38",
    "2101049.50",
    "2062743.00",
    "2041011.25",
    "2028206.12",
    "2017728.62",
    "1997038.50",
    "2003868.50",
    "2003727.12",
    "1998885.62",
    "1979560.00",
    "1978169.62",
    "1984090.25",
    "1993023.00",
    "1997972.50",
    "1992538.00",
    "1981201.00",
    "1948158.75",
    "1947322.50",
    "1933927.38",
    "1924072.62",
    "1950006.62",
    "1933916.00",
    "1937695.25",
    "1924088.88",
    "1917590.88",
    "1904674.25",
    "1898639.88",
    "1891380.88",
    "1890198.12",
    "1894722.12",
    "1904548.00",
    "1902264.38",
    "1886004.25",
    "1904116.88",
    "1880129.12",
    "1860274.62",
    "1849443.12",
    "1847489.25",
    "1841740.62",
    "1838058.12",
    "1849495.75",
    "1858557.62",
    "1865953.75",
    "1859909.12",
    "1861103.25",
    "1838877.88",
    "1835893.12",
    "1836877.25",
    "1828385.62",
    "1828978.88",
    "1824204.75",
    "1827465.50",
    "1819298.25",
    "1821723.88",
    "1823365.50",
    "1818315.75",
    "1817689.88",
    "1814771.38",
    "1803193.50",
    "1806959.12",
    "1799849.00",
    "1797739.12",
    "1811182.12",
    "1799479.75",
    "1803898.62",
    "1804333.75",
    "1801985.88",
    "1787126.25",
    "1786119.38",
    "1786021.75",
    "1794146.00",
    "1790677.00",
    "1798685.62",
    "1795250.75",
    "1781002.62",
    "1777871.12",
    "1772970.88",
    "1774571.25",
    "1766921.75",
    "1775538.25",
    "1773268.88",
    "1774331.75",
    "1771347.12",
    "1764507.38",
    "1758559.75",
    "1760456.88",
    "1762365.12",
    "1766778.62",
    "1763900.00",
    "1764925.50",
    "1754679.50",
    "1759412.50",
    "1758577.88"
  ],
  "cont_loss_list": [
    [
      "15005469696.00"
    ],
    [
      "14731931648.00"
    ],
    [
      "13942953984.00"
    ],
    [
      "14268259328.00"
    ],
    [
      "18299125760.00"
    ],
    [
      "16685342720.00"
    ],
    [
      "16984589312.00"
    ],
    [
      "18032584704.00"
    ],
    [
      "17605996544.00"
    ],
    [
      "17220591616.00"
    ],
    [
      "16949446656.00"
    ],
    [
      "15964317696.00"
    ],
    [
      "16473587712.00"
    ],
    [
      "15712228352.00"
    ],
    [
      "15560833024.00"
    ],
    [
      "15220330496.00"
    ],
    [
      "14898255872.00"
    ],
    [
      "14358005760.00"
    ],
    [
      "13655222272.00"
    ],
    [
      "13058888704.00"
    ],
    [
      "13004173312.00"
    ],
    [
      "12869254144.00"
    ],
    [
      "12738063360.00"
    ],
    [
      "12069580800.00"
    ],
    [
      "11336306688.00"
    ],
    [
      "11344340992.00"
    ],
    [
      "11420817408.00"
    ],
    [
      "11262924800.00"
    ],
    [
      "10890412032.00"
    ],
    [
      "10522164224.00"
    ],
    [
      "10189360128.00"
    ],
    [
      "9661241344.00"
    ],
    [
      "9716554752.00"
    ],
    [
      "9738158080.00"
    ],
    [
      "9646096384.00"
    ],
    [
      "9507469312.00"
    ],
    [
      "9283952640.00"
    ],
    [
      "9071181824.00"
    ],
    [
      "8826350592.00"
    ],
    [
      "8734078976.00"
    ],
    [
      "8643128320.00"
    ],
    [
      "8527925760.00"
    ],
    [
      "8370768896.00"
    ],
    [
      "8290681856.00"
    ],
    [
      "8245953024.00"
    ],
    [
      "8141994496.00"
    ],
    [
      "8074703872.00"
    ],
    [
      "7928948224.00"
    ],
    [
      "7805193216.00"
    ],
    [
      "7786522624.00"
    ],
    [
      "7733862400.00"
    ],
    [
      "7692212224.00"
    ],
    [
      "7569281536.00"
    ],
    [
      "7446622720.00"
    ],
    [
      "7431257088.00"
    ],
    [
      "7349850112.00"
    ],
    [
      "7295101440.00"
    ],
    [
      "7221778432.00"
    ],
    [
      "7123949568.00"
    ],
    [
      "7061474304.00"
    ],
    [
      "6966849024.00"
    ],
    [
      "6849900544.00"
    ],
    [
      "6848771072.00"
    ],
    [
      "6890787840.00"
    ],
    [
      "6864326656.00"
    ],
    [
      "6842787840.00"
    ],
    [
      "6763281408.00"
    ],
    [
      "6694212608.00"
    ],
    [
      "6628453888.00"
    ],
    [
      "6602398720.00"
    ],
    [
      "6538886144.00"
    ],
    [
      "6513804800.00"
    ],
    [
      "6462444544.00"
    ],
    [
      "6443781120.00"
    ],
    [
      "6411974144.00"
    ],
    [
      "6354346496.00"
    ],
    [
      "6356117504.00"
    ],
    [
      "6332493824.00"
    ],
    [
      "6265115648.00"
    ],
    [
      "6168986112.00"
    ],
    [
      "6136397824.00"
    ],
    [
      "6092656640.00"
    ],
    [
      "6095708160.00"
    ],
    [
      "6091633664.00"
    ],
    [
      "6075930112.00"
    ],
    [
      "6067567104.00"
    ],
    [
      "5991896576.00"
    ],
    [
      "6000159232.00"
    ],
    [
      "5962710528.00"
    ],
    [
      "5921501184.00"
    ],
    [
      "5869581312.00"
    ],
    [
      "5832249856.00"
    ],
    [
      "5834276864.00"
    ],
    [
      "5841133568.00"
    ],
    [
      "5831161856.00"
    ],
    [
      "5802020352.00"
    ],
    [
      "5777562624.00"
    ],
    [
      "5751556608.00"
    ],
    [
      "5741608960.00"
    ],
    [
      "5720426496.00"
    ],
    [
      "5699514368.00"
    ],
    [
      "5654793728.00"
    ],
    [
      "5653912576.00"
    ],
    [
      "5639663616.00"
    ],
    [
      "5625978368.00"
    ],
    [
      "5591624192.00"
    ],
    [
      "5578134528.00"
    ],
    [
      "5514681344.00"
    ],
    [
      "5528168960.00"
    ],
    [
      "5529899520.00"
    ],
    [
      "5518909440.00"
    ],
    [
      "5490686976.00"
    ],
    [
      "5493754368.00"
    ],
    [
      "5465791488.00"
    ],
    [
      "5456558080.00"
    ],
    [
      "5445416448.00"
    ],
    [
      "5433272320.00"
    ],
    [
      "5419148800.00"
    ],
    [
      "5397020672.00"
    ],
    [
      "5370054656.00"
    ],
    [
      "5351044608.00"
    ],
    [
      "5337268224.00"
    ],
    [
      "5328625664.00"
    ],
    [
      "5340295168.00"
    ],
    [
      "5323573760.00"
    ],
    [
      "5321591808.00"
    ],
    [
      "5308191744.00"
    ],
    [
      "5268450816.00"
    ],
    [
      "5266537472.00"
    ],
    [
      "5250833408.00"
    ],
    [
      "5252525056.00"
    ],
    [
      "5248549376.00"
    ],
    [
      "5249393152.00"
    ],
    [
      "5240464896.00"
    ],
    [
      "5235417600.00"
    ],
    [
      "5221417984.00"
    ],
    [
      "5202548736.00"
    ],
    [
      "5178213376.00"
    ],
    [
      "5166559744.00"
    ],
    [
      "5171497472.00"
    ],
    [
      "5149530112.00"
    ],
    [
      "5162172416.00"
    ],
    [
      "5172534272.00"
    ],
    [
      "5173923840.00"
    ],
    [
      "5161617920.00"
    ],
    [
      "5176331264.00"
    ],
    [
      "5162727936.00"
    ],
    [
      "5137918464.00"
    ],
    [
      "5120741376.00"
    ],
    [
      "5102489088.00"
    ],
    [
      "5097261056.00"
    ],
    [
      "5085863936.00"
    ],
    [
      "5100145152.00"
    ],
    [
      "5095329792.00"
    ],
    [
      "5082176000.00"
    ],
    [
      "5083500032.00"
    ],
    [
      "5072903168.00"
    ],
    [
      "5069170688.00"
    ],
    [
      "5059232768.00"
    ],
    [
      "5058393600.00"
    ],
    [
      "5043996160.00"
    ],
    [
      "5034246144.00"
    ],
    [
      "5032089600.00"
    ],
    [
      "5026168832.00"
    ],
    [
      "5022218752.00"
    ],
    [
      "5022242816.00"
    ],
    [
      "5009873408.00"
    ],
    [
      "5009318912.00"
    ],
    [
      "5005466624.00"
    ],
    [
      "4987274752.00"
    ],
    [
      "4993310208.00"
    ],
    [
      "4983165952.00"
    ],
    [
      "4976581632.00"
    ],
    [
      "4971950080.00"
    ],
    [
      "4978894848.00"
    ],
    [
      "4974112768.00"
    ],
    [
      "4968463360.00"
    ],
    [
      "4952777728.00"
    ],
    [
      "4948018688.00"
    ],
    [
      "4933681152.00"
    ],
    [
      "4931298304.00"
    ],
    [
      "4939499008.00"
    ],
    [
      "4936779264.00"
    ],
    [
      "4936033280.00"
    ],
    [
      "4928866816.00"
    ],
    [
      "4930934784.00"
    ],
    [
      "4917702144.00"
    ],
    [
      "4916803584.00"
    ],
    [
      "4912225792.00"
    ],
    [
      "4909473280.00"
    ],
    [
      "4911264768.00"
    ],
    [
      "4912788480.00"
    ],
    [
      "4905894400.00"
    ],
    [
      "4898237440.00"
    ],
    [
      "4889666048.00"
    ],
    [
      "4887629824.00"
    ],
    [
      "4881400320.00"
    ],
    [
      "4887197184.00"
    ],
    [
      "4878628864.00"
    ],
    [
      "4876424192.00"
    ]
  ],
  "styl_loss_list": [
    [
      "39154.71",
      "3482912.25",
      "5843998.00",
      "211844368.00",
      "1235.50"
    ],
    [
      "38437.36",
      "3253771.00",
      "5105969.00",
      "189308688.00",
      "1215.93"
    ],
    [
      "34664.24",
      "2254519.00",
      "2453190.00",
      "119572056.00",
      "1140.95"
    ],
    [
      "32196.49",
      "1782791.75",
      "1538160.38",
      "83956336.00",
      "1050.12"
    ],
    [
      "28413.77",
      "1306701.12",
      "982874.00",
      "49787684.00",
      "755.62"
    ],
    [
      "27498.48",
      "1204442.88",
      "693673.31",
      "33453050.00",
      "748.83"
    ],
    [
      "27255.45",
      "1191088.12",
      "683157.38",
      "29651876.00",
      "736.58"
    ],
    [
      "26191.90",
      "1133178.50",
      "643919.12",
      "22776384.00",
      "718.13"
    ],
    [
      "25798.99",
      "1102212.50",
      "582184.50",
      "19836530.00",
      "713.92"
    ],
    [
      "24755.89",
      "1040742.06",
      "509300.25",
      "15975196.00",
      "696.88"
    ],
    [
      "23695.79",
      "990159.38",
      "481438.06",
      "12987150.00",
      "663.69"
    ],
    [
      "22335.39",
      "936882.19",
      "451751.69",
      "10518847.00",
      "630.41"
    ],
    [
      "21443.13",
      "883041.50",
      "410369.12",
      "8943940.00",
      "589.03"
    ],
    [
      "21348.14",
      "850864.19",
      "338135.97",
      "7991867.00",
      "599.04"
    ],
    [
      "21169.36",
      "851156.31",
      "352894.97",
      "7424627.50",
      "596.06"
    ],
    [
      "20751.03",
      "856869.38",
      "395247.62",
      "6927668.50",
      "594.61"
    ],
    [
      "20609.11",
      "837431.75",
      "363810.34",
      "6447054.00",
      "602.33"
    ],
    [
      "20160.81",
      "809134.75",
      "341285.84",
      "5833049.50",
      "613.88"
    ],
    [
      "19353.14",
      "762774.94",
      "307958.94",
      "5077171.00",
      "620.22"
    ],
    [
      "19106.12",
      "743947.75",
      "280617.84",
      "5049347.00",
      "622.67"
    ],
    [
      "19008.11",
      "742015.00",
      "284707.47",
      "4733183.50",
      "621.88"
    ],
    [
      "18808.88",
      "733848.62",
      "284033.72",
      "4480141.50",
      "620.46"
    ],
    [
      "18687.61",
      "727270.81",
      "278637.16",
      "4314926.50",
      "620.19"
    ],
    [
      "18158.77",
      "709431.31",
      "276303.66",
      "4058281.25",
      "621.74"
    ],
    [
      "17699.13",
      "673812.50",
      "237339.53",
      "4433226.00",
      "625.58"
    ],
    [
      "17605.97",
      "673336.62",
      "243925.12",
      "3950030.50",
      "621.61"
    ],
    [
      "17623.23",
      "671159.69",
      "235194.72",
      "3645546.75",
      "619.96"
    ],
    [
      "17521.75",
      "671972.94",
      "238004.17",
      "3518243.00",
      "617.97"
    ],
    [
      "17284.46",
      "664288.62",
      "234784.02",
      "3468423.25",
      "617.90"
    ],
    [
      "16954.02",
      "644345.31",
      "222044.12",
      "3385155.75",
      "621.33"
    ],
    [
      "16491.47",
      "618910.56",
      "209256.77",
      "3220265.25",
      "624.41"
    ],
    [
      "16057.92",
      "602657.56",
      "196762.88",
      "3586572.25",
      "630.26"
    ],
    [
      "15911.72",
      "596876.44",
      "198065.27",
      "3135665.25",
      "628.98"
    ],
    [
      "15805.32",
      "576960.00",
      "185497.86",
      "3119231.00",
      "627.02"
    ],
    [
      "15688.58",
      "577506.56",
      "188557.77",
      "2966151.25",
      "628.38"
    ],
    [
      "15568.10",
      "578366.31",
      "191055.22",
      "2922342.00",
      "631.62"
    ],
    [
      "15365.99",
      "569908.69",
      "186641.78",
      "2906302.25",
      "637.16"
    ],
    [
      "15041.71",
      "557063.31",
      "184118.83",
      "2853091.25",
      "643.79"
    ],
    [
      "14650.57",
      "531999.38",
      "170500.94",
      "2794109.25",
      "650.98"
    ],
    [
      "14379.02",
      "519195.56",
      "165620.72",
      "2739357.50",
      "654.57"
    ],
    [
      "14265.18",
      "509532.56",
      "158543.14",
      "2713842.75",
      "653.18"
    ],
    [
      "13954.62",
      "500840.84",
      "155707.58",
      "2631083.00",
      "655.79"
    ],
    [
      "13729.74",
      "493567.50",
      "154085.41",
      "2645181.75",
      "655.85"
    ],
    [
      "13599.23",
      "484512.88",
      "149807.16",
      "2614734.00",
      "652.61"
    ],
    [
      "13200.38",
      "473249.72",
      "150438.95",
      "2573736.25",
      "647.40"
    ],
    [
      "13184.65",
      "463200.62",
      "142981.80",
      "2503732.75",
      "646.57"
    ],
    [
      "13031.91",
      "456475.84",
      "141359.34",
      "2481470.50",
      "646.03"
    ],
    [
      "12516.41",
      "441144.75",
      "141028.02",
      "2496936.00",
      "648.05"
    ],
    [
      "12565.84",
      "435441.41",
      "133891.70",
      "2452743.50",
      "650.10"
    ],
    [
      "12489.21",
      "431888.31",
      "133086.41",
      "2413064.25",
      "651.24"
    ],
    [
      "12255.65",
      "423340.47",
      "131994.45",
      "2392682.25",
      "653.88"
    ],
    [
      "12191.10",
      "418361.72",
      "129740.70",
      "2372817.50",
      "653.92"
    ],
    [
      "11818.71",
      "400099.50",
      "124791.70",
      "2341134.25",
      "652.38"
    ],
    [
      "11598.70",
      "387949.53",
      "120646.41",
      "2331969.00",
      "652.46"
    ],
    [
      "11337.87",
      "375204.94",
      "118222.39",
      "2261215.75",
      "649.86"
    ],
    [
      "11249.14",
      "368305.81",
      "115154.69",
      "2265123.50",
      "649.51"
    ],
    [
      "11112.02",
      "365401.75",
      "115114.12",
      "2259390.75",
      "649.34"
    ],
    [
      "10977.79",
      "358286.47",
      "112497.83",
      "2235056.75",
      "649.55"
    ],
    [
      "10850.76",
      "353802.78",
      "110189.97",
      "2235518.50",
      "650.56"
    ],
    [
      "10725.20",
      "347846.50",
      "107976.43",
      "2220266.00",
      "653.37"
    ],
    [
      "10532.90",
      "340958.19",
      "105001.24",
      "2206234.00",
      "660.08"
    ],
    [
      "10304.31",
      "334026.19",
      "102871.29",
      "2317097.00",
      "665.83"
    ],
    [
      "10338.21",
      "330577.03",
      "101124.62",
      "2213471.00",
      "664.20"
    ],
    [
      "10210.45",
      "330820.78",
      "101534.69",
      "2164590.75",
      "663.36"
    ],
    [
      "10271.70",
      "330160.69",
      "101112.16",
      "2164334.00",
      "663.70"
    ],
    [
      "10200.13",
      "325987.56",
      "99738.41",
      "2145173.25",
      "663.19"
    ],
    [
      "9953.30",
      "313346.09",
      "96563.71",
      "2114634.00",
      "664.93"
    ],
    [
      "9665.42",
      "297225.66",
      "92963.76",
      "2134950.75",
      "668.71"
    ],
    [
      "9633.62",
      "294148.78",
      "92148.28",
      "2110564.25",
      "670.47"
    ],
    [
      "9546.35",
      "292066.81",
      "91772.11",
      "2095988.25",
      "673.72"
    ],
    [
      "9470.33",
      "287115.62",
      "90308.37",
      "2111725.75",
      "677.33"
    ],
    [
      "9333.50",
      "280675.72",
      "89235.56",
      "2088182.50",
      "679.35"
    ],
    [
      "9225.22",
      "274612.84",
      "87607.00",
      "2076611.00",
      "678.70"
    ],
    [
      "9162.78",
      "269570.06",
      "86409.62",
      "2055220.12",
      "676.63"
    ],
    [
      "8963.55",
      "266034.44",
      "85521.23",
      "2057601.12",
      "676.00"
    ],
    [
      "8954.15",
      "261822.30",
      "83666.24",
      "2042486.75",
      "675.28"
    ],
    [
      "8884.14",
      "258003.97",
      "83129.29",
      "2004464.75",
      "675.76"
    ],
    [
      "8826.30",
      "256380.52",
      "82683.98",
      "1997739.12",
      "677.38"
    ],
    [
      "8702.84",
      "252720.62",
      "81681.89",
      "2003201.62",
      "682.82"
    ],
    [
      "8547.95",
      "243793.94",
      "79778.78",
      "2053645.75",
      "689.99"
    ],
    [
      "8451.15",
      "241265.45",
      "79414.81",
      "2031770.38",
      "692.07"
    ],
    [
      "8400.60",
      "235214.25",
      "78351.85",
      "2048865.25",
      "690.47"
    ],
    [
      "8290.33",
      "231213.77",
      "77918.34",
      "2012758.50",
      "690.21"
    ],
    [
      "8219.96",
      "227616.39",
      "77363.45",
      "1987675.75",
      "688.14"
    ],
    [
      "8138.25",
      "222389.98",
      "76489.15",
      "1960535.88",
      "684.14"
    ],
    [
      "8021.64",
      "217484.59",
      "75629.82",
      "1922743.75",
      "681.45"
    ],
    [
      "7855.54",
      "208450.75",
      "73974.16",
      "1952752.38",
      "681.76"
    ],
    [
      "7789.74",
      "205012.84",
      "73524.97",
      "1903691.12",
      "682.63"
    ],
    [
      "7758.81",
      "203786.75",
      "73106.33",
      "1915282.50",
      "685.99"
    ],
    [
      "7634.59",
      "199515.36",
      "72506.73",
      "1927799.25",
      "691.92"
    ],
    [
      "7614.19",
      "194861.20",
      "71933.38",
      "1958871.62",
      "695.39"
    ],
    [
      "7535.26",
      "193121.23",
      "71484.15",
      "1964467.25",
      "695.62"
    ],
    [
      "7477.65",
      "190791.28",
      "71249.78",
      "1933796.12",
      "693.80"
    ],
    [
      "7408.06",
      "187709.44",
      "70789.25",
      "1896145.75",
      "689.76"
    ],
    [
      "7344.73",
      "185294.00",
      "70251.30",
      "1882881.88",
      "689.68"
    ],
    [
      "7192.64",
      "178752.84",
      "68684.56",
      "1866571.62",
      "689.92"
    ],
    [
      "7093.67",
      "174283.45",
      "67742.16",
      "1873818.00",
      "694.24"
    ],
    [
      "7107.57",
      "173607.09",
      "67617.90",
      "1876357.25",
      "695.38"
    ],
    [
      "7053.64",
      "172605.48",
      "67266.68",
      "1873738.88",
      "697.73"
    ],
    [
      "7027.31",
      "170650.91",
      "66884.90",
      "1874281.38",
      "698.94"
    ],
    [
      "6911.21",
      "165326.12",
      "65875.12",
      "1850018.75",
      "699.09"
    ],
    [
      "6823.88",
      "163060.14",
      "65126.55",
      "1873772.12",
      "699.19"
    ],
    [
      "6799.35",
      "161266.62",
      "64740.70",
      "1847540.00",
      "696.93"
    ],
    [
      "6709.90",
      "158468.55",
      "63904.78",
      "1833091.88",
      "694.49"
    ],
    [
      "6660.53",
      "155663.83",
      "63373.27",
      "1828429.12",
      "692.96"
    ],
    [
      "6580.80",
      "154113.48",
      "62719.54",
      "1839536.50",
      "693.58"
    ],
    [
      "6520.37",
      "152638.08",
      "62368.31",
      "1833555.88",
      "695.69"
    ],
    [
      "6482.00",
      "148646.50",
      "62112.31",
      "1883105.75",
      "702.92"
    ],
    [
      "6437.58",
      "148218.08",
      "61929.53",
      "1845457.12",
      "700.79"
    ],
    [
      "6405.72",
      "147575.39",
      "61756.52",
      "1824575.38",
      "698.29"
    ],
    [
      "6351.72",
      "145833.88",
      "61421.21",
      "1813903.12",
      "696.09"
    ],
    [
      "6248.66",
      "142082.86",
      "60769.89",
      "1807935.12",
      "692.10"
    ],
    [
      "6165.19",
      "138276.25",
      "60411.88",
      "1791494.25",
      "691.05"
    ],
    [
      "6175.70",
      "137357.52",
      "60306.91",
      "1799335.75",
      "692.64"
    ],
    [
      "6126.76",
      "136792.95",
      "60050.63",
      "1800063.25",
      "693.53"
    ],
    [
      "6111.16",
      "135669.69",
      "59918.73",
      "1796491.62",
      "694.42"
    ],
    [
      "6021.79",
      "132933.78",
      "59418.91",
      "1780489.75",
      "695.69"
    ],
    [
      "5975.24",
      "130807.41",
      "59268.50",
      "1781420.88",
      "697.67"
    ],
    [
      "5952.87",
      "129808.93",
      "59151.91",
      "1788477.88",
      "698.64"
    ],
    [
      "5895.35",
      "127975.54",
      "58941.45",
      "1799510.50",
      "700.18"
    ],
    [
      "5875.23",
      "126328.83",
      "58765.90",
      "1806300.00",
      "702.46"
    ],
    [
      "5784.44",
      "124008.58",
      "58363.89",
      "1803675.38",
      "705.75"
    ],
    [
      "5776.20",
      "122709.49",
      "58134.16",
      "1793874.88",
      "706.19"
    ],
    [
      "5721.69",
      "121108.02",
      "57663.23",
      "1762961.75",
      "703.98"
    ],
    [
      "5671.40",
      "119739.95",
      "57210.90",
      "1763998.50",
      "701.76"
    ],
    [
      "5627.98",
      "118514.27",
      "56991.32",
      "1752094.50",
      "699.41"
    ],
    [
      "5558.35",
      "116351.16",
      "56503.97",
      "1744961.75",
      "697.38"
    ],
    [
      "5509.88",
      "113271.52",
      "56210.47",
      "1774316.88",
      "697.89"
    ],
    [
      "5463.05",
      "112646.61",
      "55867.82",
      "1759238.88",
      "699.63"
    ],
    [
      "5465.10",
      "111883.75",
      "55572.60",
      "1764070.62",
      "703.08"
    ],
    [
      "5427.79",
      "111339.27",
      "55321.64",
      "1751295.75",
      "704.43"
    ],
    [
      "5396.77",
      "110720.36",
      "55088.67",
      "1745680.38",
      "704.74"
    ],
    [
      "5366.75",
      "109606.75",
      "54890.50",
      "1734106.00",
      "704.24"
    ],
    [
      "5303.48",
      "108442.48",
      "54499.47",
      "1729691.88",
      "702.60"
    ],
    [
      "5278.00",
      "107456.50",
      "54352.44",
      "1723592.38",
      "701.62"
    ],
    [
      "5230.08",
      "106118.05",
      "54098.32",
      "1724050.62",
      "701.00"
    ],
    [
      "5181.73",
      "104662.13",
      "53789.63",
      "1730387.88",
      "700.81"
    ],
    [
      "5115.09",
      "102929.54",
      "53354.47",
      "1742447.00",
      "701.87"
    ],
    [
      "5095.07",
      "102189.45",
      "53117.22",
      "1741159.75",
      "702.92"
    ],
    [
      "5057.31",
      "101628.44",
      "52704.66",
      "1725909.62",
      "704.22"
    ],
    [
      "5056.46",
      "100208.30",
      "52495.62",
      "1745651.12",
      "705.37"
    ],
    [
      "5026.15",
      "100210.34",
      "52318.63",
      "1721868.88",
      "705.10"
    ],
    [
      "4993.39",
      "99710.52",
      "52120.70",
      "1702745.25",
      "704.75"
    ],
    [
      "4964.86",
      "98541.70",
      "51931.52",
      "1693300.38",
      "704.66"
    ],
    [
      "4907.21",
      "96818.77",
      "51481.86",
      "1693575.62",
      "705.73"
    ],
    [
      "4838.68",
      "92049.98",
      "51081.12",
      "1693063.75",
      "707.18"
    ],
    [
      "4878.68",
      "94726.87",
      "51264.68",
      "1686481.50",
      "706.40"
    ],
    [
      "4832.94",
      "93342.25",
      "50836.85",
      "1699776.00",
      "707.71"
    ],
    [
      "4801.83",
      "92595.45",
      "50515.76",
      "1709935.62",
      "709.06"
    ],
    [
      "4763.43",
      "91670.22",
      "50124.14",
      "1718686.25",
      "709.81"
    ],
    [
      "4693.24",
      "90461.77",
      "49664.98",
      "1714378.12",
      "711.03"
    ],
    [
      "4687.04",
      "89416.32",
      "49623.58",
      "1716665.62",
      "710.81"
    ],
    [
      "4649.16",
      "88797.33",
      "49431.55",
      "1695290.62",
      "709.24"
    ],
    [
      "4636.11",
      "88251.63",
      "49330.01",
      "1692966.00",
      "709.43"
    ],
    [
      "4597.21",
      "86801.13",
      "49052.07",
      "1695716.88",
      "709.97"
    ],
    [
      "4552.17",
      "85458.67",
      "48602.98",
      "1689062.12",
      "709.57"
    ],
    [
      "4542.57",
      "84717.13",
      "48486.13",
      "1690523.75",
      "709.23"
    ],
    [
      "4501.97",
      "83800.21",
      "48204.32",
      "1686989.38",
      "708.87"
    ],
    [
      "4485.55",
      "82821.59",
      "48073.91",
      "1691375.88",
      "708.62"
    ],
    [
      "4436.55",
      "81622.34",
      "47775.42",
      "1684755.50",
      "708.47"
    ],
    [
      "4387.84",
      "79960.43",
      "47572.09",
      "1689093.50",
      "709.97"
    ],
    [
      "4338.61",
      "79028.44",
      "47225.70",
      "1692061.88",
      "710.85"
    ],
    [
      "4341.15",
      "78722.98",
      "47214.04",
      "1687325.75",
      "711.84"
    ],
    [
      "4322.13",
      "78479.50",
      "47018.06",
      "1687157.25",
      "712.91"
    ],
    [
      "4306.44",
      "78013.24",
      "46843.85",
      "1684894.62",
      "713.25"
    ],
    [
      "4241.37",
      "77159.16",
      "46382.65",
      "1674698.12",
      "712.24"
    ],
    [
      "4204.04",
      "75617.78",
      "46277.38",
      "1680147.62",
      "712.26"
    ],
    [
      "4198.98",
      "75257.43",
      "46315.04",
      "1673366.12",
      "711.36"
    ],
    [
      "4174.38",
      "74755.72",
      "46251.96",
      "1671846.25",
      "710.93"
    ],
    [
      "4152.40",
      "73792.38",
      "46164.16",
      "1686362.25",
      "710.82"
    ],
    [
      "4099.09",
      "73108.78",
      "45961.69",
      "1675599.25",
      "711.05"
    ],
    [
      "4102.63",
      "72836.81",
      "45944.79",
      "1680302.38",
      "711.99"
    ],
    [
      "4089.55",
      "72332.97",
      "45804.75",
      "1681393.50",
      "712.97"
    ],
    [
      "4054.28",
      "71680.78",
      "45609.51",
      "1679928.12",
      "713.17"
    ],
    [
      "4028.31",
      "70525.64",
      "45415.19",
      "1666444.00",
      "713.09"
    ],
    [
      "4015.26",
      "70270.23",
      "45367.17",
      "1665754.38",
      "712.41"
    ],
    [
      "3987.37",
      "69885.66",
      "45273.46",
      "1666163.38",
      "711.92"
    ],
    [
      "3968.88",
      "69283.60",
      "45095.58",
      "1675085.25",
      "712.75"
    ],
    [
      "3911.62",
      "68435.05",
      "44872.64",
      "1672744.00",
      "713.69"
    ],
    [
      "3908.88",
      "67808.81",
      "44838.12",
      "1681415.50",
      "714.42"
    ],
    [
      "3874.88",
      "67263.27",
      "44601.82",
      "1678796.00",
      "714.70"
    ],
    [
      "3841.85",
      "66561.05",
      "44410.87",
      "1665475.12",
      "713.79"
    ],
    [
      "3818.32",
      "66281.57",
      "44299.07",
      "1662758.62",
      "713.52"
    ],
    [
      "3805.74",
      "65901.67",
      "44222.10",
      "1658328.00",
      "713.42"
    ],
    [
      "3778.66",
      "65598.75",
      "44032.75",
      "1660446.88",
      "714.26"
    ],
    [
      "3762.72",
      "64999.30",
      "43973.16",
      "1653471.50",
      "715.16"
    ],
    [
      "3759.60",
      "64419.71",
      "43959.74",
      "1662682.62",
      "716.61"
    ],
    [
      "3731.49",
      "64141.15",
      "43825.00",
      "1660854.12",
      "717.18"
    ],
    [
      "3727.97",
      "63867.98",
      "43761.27",
      "1662257.50",
      "717.01"
    ],
    [
      "3703.82",
      "63399.86",
      "43633.50",
      "1659894.00",
      "715.95"
    ],
    [
      "3685.44",
      "62768.61",
      "43597.93",
      "1653740.25",
      "715.11"
    ],
    [
      "3653.17",
      "62439.25",
      "43512.34",
      "1648241.00",
      "714.04"
    ],
    [
      "3650.02",
      "62270.74",
      "43473.70",
      "1650348.12",
      "714.24"
    ],
    [
      "3626.77",
      "62021.10",
      "43364.52",
      "1652637.62",
      "715.07"
    ],
    [
      "3619.12",
      "61668.11",
      "43294.96",
      "1657481.12",
      "715.22"
    ],
    [
      "3585.96",
      "61308.58",
      "43119.80",
      "1655170.25",
      "715.42"
    ],
    [
      "3561.25",
      "60986.80",
      "43050.23",
      "1656611.75",
      "715.44"
    ],
    [
      "3544.19",
      "60343.71",
      "42984.57",
      "1647092.25",
      "714.74"
    ],
    [
      "3524.58",
      "60186.23",
      "42919.55",
      "1652067.12",
      "714.99"
    ],
    [
      "3503.88",
      "60068.41",
      "42856.45",
      "1651433.88",
      "715.31"
    ]
  ]
}